/*C1*/SET SCHEMA SYSTEM_LOBS
INSERT INTO BLOCKS VALUES(0,2147483647,0)
COMMIT
/*C2*/SET SCHEMA PUBLIC
create table Log (id integer not null, date timestamp, message varchar(255) not null, primary key (id))
create table Person (id integer not null, birthday timestamp, country varchar(255), employment varchar(255), gender varchar(255), name varchar(255), primary key (id))
create table person_roles (person_id bigint not null, role_id bigint not null, primary key (person_id, role_id))
create table PersonLogin (id bigint generated by default as identity (start with 1), password varchar(255), username varchar(255), primary key (id))
create table Role (id bigint generated by default as identity (start with 1), name varchar(255), primary key (id))
create sequence hibernate_sequence start with 1 increment by 1
alter table person_roles add constraint FKnj6jyhoswctptuk6lau741295 foreign key (role_id) references Role
alter table person_roles add constraint FKgqhtp4h77el1i7s7pwuoxc0v foreign key (person_id) references PersonLogin
/*C3*/SET SCHEMA PUBLIC
CREATE TABLE "PUBLIC"."flyway_schema_history" (\u000a    "installed_rank" INT NOT NULL,\u000a    "version" VARCHAR(50),\u000a    "description" VARCHAR(200) NOT NULL,\u000a    "type" VARCHAR(20) NOT NULL,\u000a    "script" VARCHAR(1000) NOT NULL,\u000a    "checksum" INT,\u000a    "installed_by" VARCHAR(100) NOT NULL,\u000a    "installed_on" TIMESTAMP DEFAULT CURRENT_TIMESTAMP NOT NULL,\u000a    "execution_time" INT NOT NULL,\u000a    "success" BIT NOT NULL\u000a)
ALTER TABLE "PUBLIC"."flyway_schema_history" ADD CONSTRAINT "flyway_schema_history_pk" PRIMARY KEY ("installed_rank")
CREATE INDEX "PUBLIC"."flyway_schema_history_s_idx" ON "PUBLIC"."flyway_schema_history" ("success")
SET SCHEMA "PUBLIC"
INSERT INTO "flyway_schema_history" VALUES(1,'1','<< Flyway Baseline >>','BASELINE','<< Flyway Baseline >>',NULL,'SA','2024-09-26 14:22:05.510000',0,'1')
COMMIT
SET SCHEMA "PUBLIC"
INSERT INTO PERSON VALUES(50,'2024-09-03 00:00:00.000000','Indonesia','Fulltime','Male','BBBBB')
INSERT INTO PERSON VALUES(51,'2024-09-04 00:00:00.000000','Indonesia','Part-time','Male','Kapt kepin')
INSERT INTO PERSON VALUES(52,'2024-09-03 00:00:00.000000','USA','Fulltime','Male','Dari Form')
INSERT INTO PERSON VALUES(53,'2024-09-04 00:00:00.000000','USA','Fulltime','Male','Baru 2')
INSERT INTO ROLE VALUES(1,'ROLE_ADMIN')
INSERT INTO ROLE VALUES(2,'ROLE_USER')
INSERT INTO PERSONLOGIN VALUES(1,'$2a$10$x2DF9HSnr3ZQyt2GYMLbJeKmhxfRkKd3Qr63k3tW5icxL1DuTwtqC','admin')
INSERT INTO PERSONLOGIN VALUES(2,'$2a$10$FAf.R1GIRaAiTbIHgd98k.RZ3g397g1I/63ACjqMoGES/MkrIRRre','user')
INSERT INTO PERSON_ROLES VALUES(1,1)
INSERT INTO PERSON_ROLES VALUES(2,2)
INSERT INTO "flyway_schema_history" VALUES(2,'3','login role','SQL','V3__login_role.sql',1052714258,'SA','2024-09-26 14:22:05.525000',5,'1')
COMMIT
SET SCHEMA "PUBLIC"
DISCONNECT
